<?xml version="1.0" encoding="UTF-8"?>
<!-- Generated by org.testng.reporters.JUnitReportReporter -->
<testsuite hostname="Mahesh" name="myPack.Teja" tests="6" failures="0" timestamp="24 Sep 2020 05:28:44 GMT" time="30.267" errors="0">
  <testcase name="addCompany" time="0.001" classname="myPack.Teja"/>
  <testcase name="editCompany" time="0.000" classname="myPack.Teja"/>
  <testcase name="editEmp" time="0.001" classname="myPack.Teja"/>
  <testcase name="deleteEmp" time="0.001" classname="myPack.Teja"/>
  <testcase name="VerifyLogin" time="7.323" classname="myPack.Teja"/>
  <testcase name="addEmp" time="22.941" classname="myPack.Teja"/>
</testsuite> <!-- myPack.Teja -->
